<?xml version="1.0" encoding="UTF-8"?>
<!-- Generated by org.testng.reporters.JUnitXMLReporter -->
<testsuite ignored="0" hostname="PSL-3GS8R24" failures="1" tests="2" name="Surefire test" time="20.513" errors="0" timestamp="2025-12-27T17:25:04 IST">
  <testcase classname="io.cucumber.testng.AbstractTestNGCucumberTests" name="runScenario" time="16.986"/>
  <testcase classname="io.cucumber.testng.AbstractTestNGCucumberTests" name="runScenario" time="19.433">
    <failure type="java.lang.AssertionError" message="expected [Beetroot] but found [No data]">
      <![CDATA[java.lang.AssertionError: expected [Beetroot] but found [No data]
at stepDefinitions.OfferPageStepDefinition.validated_product_name_in_offer_page_matches_with_Landing_page(OfferPageStepDefinition.java:70)
at âœ½.validated product name in offer page matches with Landing page(file:///C:/Users/mahesh.bangarge/eclipse-workspace/BDDOutlookAddInProject/src/test/java/features/searchProduct.feature:8)
... Removed 6 stack frames]]>
    </failure>
  </testcase> <!-- runScenario -->
</testsuite> <!-- Surefire test -->
