<?xml version="1.0" encoding="UTF-8"?>
<!-- Generated by org.testng.reporters.JUnitXMLReporter -->
<testsuite ignored="0" hostname="PSL-3GS8R24" failures="1" tests="2" name="Default test" time="18.622" errors="0" timestamp="2025-12-29T10:19:10 IST">
  <testcase classname="io.cucumber.testng.AbstractTestNGCucumberTests" name="runScenario" time="17.184"/>
  <testcase classname="io.cucumber.testng.AbstractTestNGCucumberTests" name="runScenario" time="17.335">
    <failure type="java.lang.AssertionError" message="expected [Beetroot] but found [No data]">
      <![CDATA[java.lang.AssertionError: expected [Beetroot] but found [No data]
at org.testng.Assert.fail(Assert.java:111)
at org.testng.Assert.failNotEquals(Assert.java:1590)
at org.testng.Assert.assertEqualsImpl(Assert.java:150)
at org.testng.Assert.assertEquals(Assert.java:132)
at org.testng.Assert.assertEquals(Assert.java:656)
at org.testng.Assert.assertEquals(Assert.java:666)
at stepDefinitions.OfferPageStepDefinition.validated_product_name_in_offer_page_matches_with_Landing_page(OfferPageStepDefinition.java:70)
at ✽.validated product name in offer page matches with Landing page(file:///C:/Users/mahesh.bangarge/eclipse-workspace/BDDOutlookAddInProject/src/test/java/features/searchProduct.feature:8)
]]>
    </failure>
  </testcase> <!-- runScenario -->
</testsuite> <!-- Default test -->
