<?xml version="1.0" encoding="UTF-8"?>
<!-- Generated by org.testng.reporters.JUnitReportReporter -->
<testsuite hostname="PSL-3GS8R24" failures="1" tests="2" name="cucumberOptions.TestNGTestRunner" time="36.419" errors="0" timestamp="2025-12-27T17:25:04 IST" skipped="0">
  <testcase classname="cucumberOptions.TestNGTestRunner" name="runScenario" time="16.986"/>
  <testcase classname="cucumberOptions.TestNGTestRunner" name="runScenario" time="19.433">
    <failure message="expected [Beetroot] but found [No data]" type="java.lang.AssertionError">
      <![CDATA[java.lang.AssertionError: expected [Beetroot] but found [No data]
at org.testng.Assert.fail(Assert.java:111)
at org.testng.Assert.failNotEquals(Assert.java:1590)
at org.testng.Assert.assertEqualsImpl(Assert.java:150)
at org.testng.Assert.assertEquals(Assert.java:132)
at org.testng.Assert.assertEquals(Assert.java:656)
at org.testng.Assert.assertEquals(Assert.java:666)
at stepDefinitions.OfferPageStepDefinition.validated_product_name_in_offer_page_matches_with_Landing_page(OfferPageStepDefinition.java:70)
at âœ½.validated product name in offer page matches with Landing page(file:///C:/Users/mahesh.bangarge/eclipse-workspace/BDDOutlookAddInProject/src/test/java/features/searchProduct.feature:8)
]]>
    </failure>
  </testcase> <!-- runScenario -->
</testsuite> <!-- cucumberOptions.TestNGTestRunner -->
